<?xml version="1.0" ?>
<coverage version="7.5.3" timestamp="1737379939541" lines-valid="1791" lines-covered="749" line-rate="0.4182" branches-valid="762" branches-covered="320" branch-rate="0.4199" complexity="0">
	<!-- Generated by coverage.py: https://coverage.readthedocs.io/en/7.5.3 -->
	<!-- Based on https://raw.githubusercontent.com/cobertura/web/master/htdocs/xml/coverage-04.dtd -->
	<sources>
		<source>/home/rcasula/develop/federated_node/webserver/app</source>
	</sources>
	<packages>
		<package name="." line-rate="0.5099" branch-rate="0.7619" complexity="0">
			<classes>
				<class name="__init__.py" filename="__init__.py" complexity="0" line-rate="0.9318" branch-rate="1">
					<methods/>
					<lines>
						<line number="8" hits="1"/>
						<line number="9" hits="1"/>
						<line number="10" hits="1"/>
						<line number="11" hits="1"/>
						<line number="12" hits="1"/>
						<line number="16" hits="1"/>
						<line number="17" hits="1"/>
						<line number="18" hits="1"/>
						<line number="23" hits="1"/>
						<line number="25" hits="1"/>
						<line number="29" hits="1"/>
						<line number="30" hits="1"/>
						<line number="32" hits="1"/>
						<line number="40" hits="1"/>
						<line number="42" hits="1"/>
						<line number="43" hits="1"/>
						<line number="44" hits="1"/>
						<line number="45" hits="1"/>
						<line number="46" hits="1"/>
						<line number="47" hits="1"/>
						<line number="48" hits="1"/>
						<line number="49" hits="1"/>
						<line number="50" hits="1"/>
						<line number="52" hits="1"/>
						<line number="53" hits="1"/>
						<line number="54" hits="1"/>
						<line number="55" hits="1"/>
						<line number="56" hits="1"/>
						<line number="57" hits="1"/>
						<line number="58" hits="1"/>
						<line number="59" hits="1"/>
						<line number="60" hits="1"/>
						<line number="61" hits="1"/>
						<line number="62" hits="1"/>
						<line number="63" hits="1"/>
						<line number="67" hits="1"/>
						<line number="68" hits="1" branch="true" condition-coverage="100% (2/2)"/>
						<line number="69" hits="0"/>
						<line number="70" hits="0"/>
						<line number="71" hits="0"/>
						<line number="73" hits="1"/>
						<line number="75" hits="1" branch="true" condition-coverage="100% (2/2)"/>
						<line number="76" hits="1"/>
						<line number="78" hits="1"/>
					</lines>
				</class>
				<class name="admin_api.py" filename="admin_api.py" complexity="0" line-rate="0.7059" branch-rate="0.75">
					<methods/>
					<lines>
						<line number="6" hits="1"/>
						<line number="7" hits="1"/>
						<line number="9" hits="1"/>
						<line number="10" hits="1"/>
						<line number="11" hits="1"/>
						<line number="13" hits="1"/>
						<line number="15" hits="1"/>
						<line number="16" hits="1"/>
						<line number="17" hits="1"/>
						<line number="19" hits="1" branch="true" condition-coverage="100% (2/2)"/>
						<line number="20" hits="1" branch="true" condition-coverage="100% (2/2)"/>
						<line number="21" hits="1" branch="true" condition-coverage="100% (2/2)"/>
						<line number="26" hits="0"/>
						<line number="27" hits="0"/>
						<line number="28" hits="0" branch="true" condition-coverage="0% (0/2)" missing-branches="29,30"/>
						<line number="29" hits="0"/>
						<line number="30" hits="0"/>
					</lines>
				</class>
				<class name="containers_api.py" filename="containers_api.py" complexity="0" line-rate="0.4638" branch-rate="0.6562">
					<methods/>
					<lines>
						<line number="8" hits="1"/>
						<line number="9" hits="1"/>
						<line number="11" hits="1"/>
						<line number="12" hits="1"/>
						<line number="13" hits="1"/>
						<line number="14" hits="1"/>
						<line number="15" hits="1"/>
						<line number="18" hits="1"/>
						<line number="20" hits="1"/>
						<line number="21" hits="1"/>
						<line number="22" hits="1"/>
						<line number="24" hits="1" branch="true" condition-coverage="100% (2/2)"/>
						<line number="25" hits="1" branch="true" condition-coverage="100% (2/2)"/>
						<line number="26" hits="1" branch="true" condition-coverage="100% (2/2)"/>
						<line number="27" hits="1" branch="true" condition-coverage="100% (2/2)"/>
						<line number="32" hits="0"/>
						<line number="35" hits="1" branch="true" condition-coverage="100% (2/2)"/>
						<line number="36" hits="1" branch="true" condition-coverage="100% (2/2)"/>
						<line number="37" hits="1" branch="true" condition-coverage="100% (2/2)"/>
						<line number="38" hits="1" branch="true" condition-coverage="100% (2/2)"/>
						<line number="39" hits="1" branch="true" condition-coverage="100% (2/2)"/>
						<line number="43" hits="0"/>
						<line number="45" hits="0"/>
						<line number="50" hits="0" branch="true" condition-coverage="0% (0/2)" missing-branches="51,56"/>
						<line number="51" hits="0"/>
						<line number="56" hits="0"/>
						<line number="57" hits="0"/>
						<line number="58" hits="0"/>
						<line number="61" hits="1" branch="true" condition-coverage="100% (2/2)"/>
						<line number="62" hits="1" branch="true" condition-coverage="100% (2/2)"/>
						<line number="63" hits="1" branch="true" condition-coverage="100% (2/2)"/>
						<line number="64" hits="1" branch="true" condition-coverage="100% (2/2)"/>
						<line number="68" hits="0"/>
						<line number="69" hits="0" branch="true" condition-coverage="0% (0/2)" missing-branches="70,72"/>
						<line number="70" hits="0"/>
						<line number="72" hits="0"/>
						<line number="75" hits="1" branch="true" condition-coverage="100% (2/2)"/>
						<line number="76" hits="1" branch="true" condition-coverage="100% (2/2)"/>
						<line number="77" hits="1" branch="true" condition-coverage="100% (2/2)"/>
						<line number="78" hits="1" branch="true" condition-coverage="100% (2/2)"/>
						<line number="82" hits="0" branch="true" condition-coverage="0% (0/2)" missing-branches="83,85"/>
						<line number="83" hits="0"/>
						<line number="85" hits="0"/>
						<line number="87" hits="0" branch="true" condition-coverage="0% (0/2)" missing-branches="88,90"/>
						<line number="88" hits="0"/>
						<line number="90" hits="0"/>
						<line number="91" hits="0" branch="true" condition-coverage="0% (0/2)" missing-branches="92,94"/>
						<line number="92" hits="0"/>
						<line number="94" hits="0" branch="true" condition-coverage="0% (0/2)" missing-branches="95,98"/>
						<line number="95" hits="0" branch="true" condition-coverage="0% (0/2)" missing-branches="94,96"/>
						<line number="96" hits="0"/>
						<line number="98" hits="0"/>
						<line number="101" hits="1" branch="true" condition-coverage="100% (2/2)"/>
						<line number="102" hits="1" branch="true" condition-coverage="100% (2/2)"/>
						<line number="103" hits="1" branch="true" condition-coverage="100% (2/2)"/>
						<line number="104" hits="1" branch="true" condition-coverage="100% (2/2)"/>
						<line number="114" hits="0"/>
						<line number="115" hits="0" branch="true" condition-coverage="0% (0/2)" missing-branches="116,126"/>
						<line number="116" hits="0" branch="true" condition-coverage="0% (0/2)" missing-branches="115,117"/>
						<line number="117" hits="0" branch="true" condition-coverage="0% (0/2)" missing-branches="116,118"/>
						<line number="118" hits="0" branch="true" condition-coverage="0% (0/2)" missing-branches="119,122"/>
						<line number="119" hits="0"/>
						<line number="120" hits="0"/>
						<line number="122" hits="0"/>
						<line number="123" hits="0"/>
						<line number="124" hits="0"/>
						<line number="125" hits="0"/>
						<line number="126" hits="0"/>
						<line number="127" hits="0"/>
					</lines>
				</class>
				<class name="datasets_api.py" filename="datasets_api.py" complexity="0" line-rate="0.3812" branch-rate="0.7231">
					<methods/>
					<lines>
						<line number="13" hits="1"/>
						<line number="14" hits="1"/>
						<line number="15" hits="1"/>
						<line number="17" hits="1"/>
						<line number="18" hits="1"/>
						<line number="19" hits="1"/>
						<line number="20" hits="1"/>
						<line number="21" hits="1"/>
						<line number="22" hits="1"/>
						<line number="23" hits="1"/>
						<line number="24" hits="1"/>
						<line number="25" hits="1"/>
						<line number="28" hits="1"/>
						<line number="29" hits="1"/>
						<line number="32" hits="1" branch="true" condition-coverage="100% (2/2)"/>
						<line number="33" hits="1" branch="true" condition-coverage="100% (2/2)"/>
						<line number="34" hits="1" branch="true" condition-coverage="100% (2/2)"/>
						<line number="35" hits="1" branch="true" condition-coverage="100% (2/2)"/>
						<line number="36" hits="1" branch="true" condition-coverage="100% (2/2)"/>
						<line number="40" hits="0"/>
						<line number="44" hits="1" branch="true" condition-coverage="100% (2/2)"/>
						<line number="45" hits="1" branch="true" condition-coverage="100% (2/2)"/>
						<line number="46" hits="1" branch="true" condition-coverage="100% (2/2)"/>
						<line number="47" hits="1" branch="true" condition-coverage="100% (2/2)"/>
						<line number="48" hits="1" branch="true" condition-coverage="100% (2/2)"/>
						<line number="52" hits="0"/>
						<line number="53" hits="0"/>
						<line number="54" hits="0"/>
						<line number="55" hits="0"/>
						<line number="56" hits="0"/>
						<line number="58" hits="0"/>
						<line number="59" hits="0"/>
						<line number="60" hits="0"/>
						<line number="64" hits="0" branch="true" condition-coverage="0% (0/2)" missing-branches="65,70"/>
						<line number="65" hits="0"/>
						<line number="66" hits="0"/>
						<line number="67" hits="0"/>
						<line number="70" hits="0" branch="true" condition-coverage="0% (0/2)" missing-branches="71,74"/>
						<line number="71" hits="0"/>
						<line number="72" hits="0"/>
						<line number="74" hits="0" branch="true" condition-coverage="0% (0/2)" missing-branches="75,78"/>
						<line number="75" hits="0"/>
						<line number="76" hits="0"/>
						<line number="77" hits="0"/>
						<line number="78" hits="0"/>
						<line number="79" hits="0"/>
						<line number="81" hits="0"/>
						<line number="82" hits="0"/>
						<line number="83" hits="0"/>
						<line number="85" hits="1" branch="true" condition-coverage="100% (2/2)"/>
						<line number="86" hits="1" branch="true" condition-coverage="100% (2/2)"/>
						<line number="87" hits="1" branch="true" condition-coverage="100% (2/2)"/>
						<line number="88" hits="1" branch="true" condition-coverage="100% (2/2)"/>
						<line number="89" hits="1" branch="true" condition-coverage="100% (2/2)"/>
						<line number="93" hits="0"/>
						<line number="94" hits="0"/>
						<line number="96" hits="1" branch="true" condition-coverage="100% (2/2)"/>
						<line number="97" hits="1" branch="true" condition-coverage="100% (2/2)"/>
						<line number="98" hits="1" branch="true" condition-coverage="100% (2/2)"/>
						<line number="99" hits="1" branch="true" condition-coverage="100% (2/2)"/>
						<line number="100" hits="1" branch="true" condition-coverage="100% (2/2)"/>
						<line number="104" hits="0"/>
						<line number="106" hits="0"/>
						<line number="108" hits="0"/>
						<line number="109" hits="0"/>
						<line number="110" hits="0"/>
						<line number="111" hits="0"/>
						<line number="114" hits="0" branch="true" condition-coverage="0% (0/2)" missing-branches="115,118"/>
						<line number="115" hits="0"/>
						<line number="116" hits="0"/>
						<line number="118" hits="0" branch="true" condition-coverage="0% (0/2)" missing-branches="119,122"/>
						<line number="119" hits="0" branch="true" condition-coverage="0% (0/2)" missing-branches="118,120"/>
						<line number="120" hits="0"/>
						<line number="122" hits="0"/>
						<line number="123" hits="0"/>
						<line number="125" hits="0" branch="true" condition-coverage="0% (0/2)" missing-branches="126,139"/>
						<line number="126" hits="0"/>
						<line number="129" hits="0" branch="true" condition-coverage="0% (0/2)" missing-branches="130,139"/>
						<line number="130" hits="0"/>
						<line number="135" hits="0"/>
						<line number="136" hits="0"/>
						<line number="137" hits="0"/>
						<line number="139" hits="0" branch="true" condition-coverage="0% (0/2)" missing-branches="140,142"/>
						<line number="140" hits="0"/>
						<line number="142" hits="0" branch="true" condition-coverage="0% (0/2)" missing-branches="143,148"/>
						<line number="143" hits="0"/>
						<line number="144" hits="0"/>
						<line number="145" hits="0"/>
						<line number="146" hits="0"/>
						<line number="148" hits="0"/>
						<line number="149" hits="0"/>
						<line number="151" hits="1" branch="true" condition-coverage="100% (2/2)"/>
						<line number="152" hits="1" branch="true" condition-coverage="100% (2/2)"/>
						<line number="153" hits="1" branch="true" condition-coverage="100% (2/2)"/>
						<line number="154" hits="1" branch="true" condition-coverage="100% (2/2)"/>
						<line number="155" hits="1" branch="true" condition-coverage="100% (2/2)"/>
						<line number="160" hits="0"/>
						<line number="162" hits="0"/>
						<line number="163" hits="0" branch="true" condition-coverage="0% (0/2)" missing-branches="164,165"/>
						<line number="164" hits="0"/>
						<line number="165" hits="0"/>
						<line number="167" hits="1" branch="true" condition-coverage="100% (2/2)"/>
						<line number="168" hits="1" branch="true" condition-coverage="100% (2/2)"/>
						<line number="169" hits="1" branch="true" condition-coverage="100% (2/2)"/>
						<line number="170" hits="1" branch="true" condition-coverage="100% (2/2)"/>
						<line number="171" hits="1" branch="true" condition-coverage="100% (2/2)"/>
						<line number="177" hits="0"/>
						<line number="179" hits="0"/>
						<line number="180" hits="0" branch="true" condition-coverage="0% (0/2)" missing-branches="181,183"/>
						<line number="181" hits="0"/>
						<line number="183" hits="0"/>
						<line number="186" hits="1" branch="true" condition-coverage="100% (2/2)"/>
						<line number="187" hits="1" branch="true" condition-coverage="100% (2/2)"/>
						<line number="188" hits="1" branch="true" condition-coverage="100% (2/2)"/>
						<line number="189" hits="1" branch="true" condition-coverage="100% (2/2)"/>
						<line number="191" hits="1" branch="true" condition-coverage="100% (2/2)"/>
						<line number="197" hits="0"/>
						<line number="199" hits="0"/>
						<line number="203" hits="0" branch="true" condition-coverage="0% (0/2)" missing-branches="204,208"/>
						<line number="204" hits="0"/>
						<line number="208" hits="0"/>
						<line number="210" hits="1" branch="true" condition-coverage="100% (2/2)"/>
						<line number="211" hits="1" branch="true" condition-coverage="100% (2/2)"/>
						<line number="212" hits="1" branch="true" condition-coverage="100% (2/2)"/>
						<line number="213" hits="1" branch="true" condition-coverage="100% (2/2)"/>
						<line number="218" hits="0"/>
						<line number="220" hits="0"/>
						<line number="221" hits="0" branch="true" condition-coverage="0% (0/2)" missing-branches="222,224"/>
						<line number="222" hits="0"/>
						<line number="224" hits="0"/>
						<line number="225" hits="0"/>
						<line number="226" hits="0"/>
						<line number="227" hits="0" branch="true" condition-coverage="0% (0/2)" missing-branches="228,230"/>
						<line number="228" hits="0"/>
						<line number="230" hits="0"/>
						<line number="231" hits="0"/>
						<line number="232" hits="0"/>
						<line number="233" hits="0"/>
						<line number="235" hits="0" branch="true" condition-coverage="0% (0/2)" missing-branches="236,240"/>
						<line number="236" hits="0"/>
						<line number="237" hits="0"/>
						<line number="240" hits="0"/>
						<line number="241" hits="0"/>
						<line number="242" hits="0"/>
						<line number="244" hits="1" branch="true" condition-coverage="100% (2/2)"/>
						<line number="245" hits="1" branch="true" condition-coverage="100% (2/2)"/>
						<line number="246" hits="1" branch="true" condition-coverage="100% (2/2)"/>
						<line number="247" hits="1" branch="true" condition-coverage="100% (2/2)"/>
						<line number="252" hits="0"/>
						<line number="254" hits="1" branch="true" condition-coverage="100% (2/2)"/>
						<line number="255" hits="1" branch="true" condition-coverage="100% (2/2)"/>
						<line number="256" hits="1" branch="true" condition-coverage="100% (2/2)"/>
						<line number="257" hits="1" branch="true" condition-coverage="100% (2/2)"/>
						<line number="262" hits="0"/>
						<line number="263" hits="0"/>
						<line number="264" hits="0" branch="true" condition-coverage="0% (0/2)" missing-branches="265,267"/>
						<line number="265" hits="0"/>
						<line number="267" hits="0" branch="true" condition-coverage="0% (0/2)" missing-branches="268,272"/>
						<line number="268" hits="0"/>
						<line number="272" hits="0"/>
					</lines>
				</class>
				<class name="main.py" filename="main.py" complexity="0" line-rate="0.4615" branch-rate="1">
					<methods/>
					<lines>
						<line number="6" hits="1"/>
						<line number="7" hits="1"/>
						<line number="8" hits="1"/>
						<line number="10" hits="1"/>
						<line number="12" hits="1"/>
						<line number="13" hits="1" branch="true" condition-coverage="100% (2/2)"/>
						<line number="18" hits="0"/>
						<line number="20" hits="1"/>
						<line number="21" hits="1" branch="true" condition-coverage="100% (2/2)"/>
						<line number="26" hits="0"/>
						<line number="28" hits="1"/>
						<line number="29" hits="1" branch="true" condition-coverage="100% (2/2)"/>
						<line number="34" hits="0"/>
						<line number="35" hits="0"/>
						<line number="36" hits="0"/>
						<line number="37" hits="0"/>
						<line number="38" hits="0"/>
						<line number="39" hits="0"/>
						<line number="40" hits="0"/>
						<line number="41" hits="0"/>
						<line number="42" hits="0"/>
						<line number="44" hits="0"/>
						<line number="49" hits="1"/>
						<line number="50" hits="1" branch="true" condition-coverage="100% (2/2)"/>
						<line number="55" hits="0"/>
						<line number="56" hits="0"/>
					</lines>
				</class>
				<class name="registries_api.py" filename="registries_api.py" complexity="0" line-rate="0.7368" branch-rate="1">
					<methods/>
					<lines>
						<line number="7" hits="1"/>
						<line number="9" hits="1"/>
						<line number="10" hits="1"/>
						<line number="13" hits="1"/>
						<line number="16" hits="1" branch="true" condition-coverage="100% (2/2)"/>
						<line number="17" hits="1" branch="true" condition-coverage="100% (2/2)"/>
						<line number="18" hits="1" branch="true" condition-coverage="100% (2/2)"/>
						<line number="19" hits="1" branch="true" condition-coverage="100% (2/2)"/>
						<line number="20" hits="1" branch="true" condition-coverage="100% (2/2)"/>
						<line number="24" hits="0"/>
						<line number="27" hits="1" branch="true" condition-coverage="100% (2/2)"/>
						<line number="28" hits="1" branch="true" condition-coverage="100% (2/2)"/>
						<line number="29" hits="1" branch="true" condition-coverage="100% (2/2)"/>
						<line number="30" hits="1" branch="true" condition-coverage="100% (2/2)"/>
						<line number="31" hits="1" branch="true" condition-coverage="100% (2/2)"/>
						<line number="35" hits="0"/>
						<line number="36" hits="0"/>
						<line number="37" hits="0"/>
						<line number="38" hits="0"/>
					</lines>
				</class>
				<class name="tasks_api.py" filename="tasks_api.py" complexity="0" line-rate="0.5125" branch-rate="0.8333">
					<methods/>
					<lines>
						<line number="10" hits="1"/>
						<line number="11" hits="1"/>
						<line number="13" hits="1"/>
						<line number="14" hits="1"/>
						<line number="15" hits="1"/>
						<line number="16" hits="1"/>
						<line number="17" hits="1"/>
						<line number="18" hits="1"/>
						<line number="19" hits="1"/>
						<line number="21" hits="1"/>
						<line number="22" hits="1"/>
						<line number="24" hits="1" branch="true" condition-coverage="100% (2/2)"/>
						<line number="25" hits="1" branch="true" condition-coverage="100% (2/2)"/>
						<line number="26" hits="1" branch="true" condition-coverage="100% (2/2)"/>
						<line number="27" hits="1" branch="true" condition-coverage="100% (2/2)"/>
						<line number="31" hits="0"/>
						<line number="33" hits="1" branch="true" condition-coverage="100% (2/2)"/>
						<line number="34" hits="1" branch="true" condition-coverage="100% (2/2)"/>
						<line number="35" hits="1" branch="true" condition-coverage="100% (2/2)"/>
						<line number="36" hits="1" branch="true" condition-coverage="100% (2/2)"/>
						<line number="37" hits="1" branch="true" condition-coverage="100% (2/2)"/>
						<line number="41" hits="0"/>
						<line number="42" hits="0"/>
						<line number="43" hits="0" branch="true" condition-coverage="0% (0/2)" missing-branches="44,45"/>
						<line number="44" hits="0"/>
						<line number="45" hits="0"/>
						<line number="47" hits="1" branch="true" condition-coverage="100% (2/2)"/>
						<line number="48" hits="1" branch="true" condition-coverage="100% (2/2)"/>
						<line number="49" hits="1" branch="true" condition-coverage="100% (2/2)"/>
						<line number="50" hits="1" branch="true" condition-coverage="100% (2/2)"/>
						<line number="54" hits="0"/>
						<line number="55" hits="0" branch="true" condition-coverage="0% (0/2)" missing-branches="56,58"/>
						<line number="56" hits="0"/>
						<line number="58" hits="0"/>
						<line number="59" hits="0"/>
						<line number="60" hits="0"/>
						<line number="62" hits="0" branch="true" condition-coverage="0% (0/2)" missing-branches="63,65"/>
						<line number="63" hits="0"/>
						<line number="65" hits="0"/>
						<line number="66" hits="0"/>
						<line number="67" hits="0"/>
						<line number="69" hits="1" branch="true" condition-coverage="100% (2/2)"/>
						<line number="70" hits="1" branch="true" condition-coverage="100% (2/2)"/>
						<line number="71" hits="1" branch="true" condition-coverage="100% (2/2)"/>
						<line number="72" hits="1" branch="true" condition-coverage="100% (2/2)"/>
						<line number="76" hits="0"/>
						<line number="77" hits="0" branch="true" condition-coverage="0% (0/2)" missing-branches="78,81"/>
						<line number="78" hits="0"/>
						<line number="81" hits="0"/>
						<line number="83" hits="1" branch="true" condition-coverage="100% (2/2)"/>
						<line number="84" hits="1" branch="true" condition-coverage="100% (2/2)"/>
						<line number="85" hits="1" branch="true" condition-coverage="100% (2/2)"/>
						<line number="86" hits="1" branch="true" condition-coverage="100% (2/2)"/>
						<line number="87" hits="1" branch="true" condition-coverage="100% (2/2)"/>
						<line number="91" hits="0"/>
						<line number="92" hits="0"/>
						<line number="93" hits="0"/>
						<line number="94" hits="0"/>
						<line number="96" hits="0"/>
						<line number="97" hits="0"/>
						<line number="98" hits="0"/>
						<line number="99" hits="0"/>
						<line number="100" hits="0"/>
						<line number="102" hits="1" branch="true" condition-coverage="100% (2/2)"/>
						<line number="103" hits="1" branch="true" condition-coverage="100% (2/2)"/>
						<line number="104" hits="1" branch="true" condition-coverage="100% (2/2)"/>
						<line number="105" hits="1" branch="true" condition-coverage="100% (2/2)"/>
						<line number="110" hits="0"/>
						<line number="111" hits="0"/>
						<line number="113" hits="1" branch="true" condition-coverage="100% (2/2)"/>
						<line number="114" hits="1" branch="true" condition-coverage="100% (2/2)"/>
						<line number="115" hits="1" branch="true" condition-coverage="100% (2/2)"/>
						<line number="116" hits="1" branch="true" condition-coverage="100% (2/2)"/>
						<line number="121" hits="0"/>
						<line number="122" hits="0" branch="true" condition-coverage="0% (0/2)" missing-branches="123,125"/>
						<line number="123" hits="0"/>
						<line number="125" hits="0" branch="true" condition-coverage="0% (0/2)" missing-branches="126,128"/>
						<line number="126" hits="0"/>
						<line number="128" hits="0"/>
						<line number="129" hits="0"/>
					</lines>
				</class>
				<class name="users_api.py" filename="users_api.py" complexity="0" line-rate="0.4737" branch-rate="0.7333">
					<methods/>
					<lines>
						<line number="7" hits="1"/>
						<line number="9" hits="1"/>
						<line number="10" hits="1"/>
						<line number="11" hits="1"/>
						<line number="12" hits="1"/>
						<line number="14" hits="1"/>
						<line number="17" hits="1" branch="true" condition-coverage="100% (2/2)"/>
						<line number="18" hits="1" branch="true" condition-coverage="100% (2/2)"/>
						<line number="19" hits="1" branch="true" condition-coverage="100% (2/2)"/>
						<line number="20" hits="1" branch="true" condition-coverage="100% (2/2)"/>
						<line number="21" hits="1" branch="true" condition-coverage="100% (2/2)"/>
						<line number="26" hits="0" branch="true" condition-coverage="0% (0/2)" missing-branches="27,29"/>
						<line number="27" hits="0"/>
						<line number="29" hits="0"/>
						<line number="30" hits="0" branch="true" condition-coverage="0% (0/2)" missing-branches="31,34"/>
						<line number="31" hits="0"/>
						<line number="34" hits="0" branch="true" condition-coverage="0% (0/2)" missing-branches="35,37"/>
						<line number="35" hits="0"/>
						<line number="37" hits="0"/>
						<line number="38" hits="0" branch="true" condition-coverage="0% (0/2)" missing-branches="39,40"/>
						<line number="39" hits="0"/>
						<line number="40" hits="0"/>
						<line number="42" hits="0"/>
						<line number="51" hits="1"/>
						<line number="52" hits="1" branch="true" condition-coverage="100% (2/2)"/>
						<line number="58" hits="0"/>
						<line number="59" hits="0"/>
						<line number="60" hits="0"/>
						<line number="65" hits="0"/>
						<line number="67" hits="1" branch="true" condition-coverage="100% (2/2)"/>
						<line number="68" hits="1" branch="true" condition-coverage="100% (2/2)"/>
						<line number="69" hits="1" branch="true" condition-coverage="100% (2/2)"/>
						<line number="70" hits="1" branch="true" condition-coverage="100% (2/2)"/>
						<line number="71" hits="1" branch="true" condition-coverage="100% (2/2)"/>
						<line number="76" hits="0"/>
						<line number="77" hits="0"/>
						<line number="78" hits="0"/>
						<line number="88" hits="0"/>
					</lines>
				</class>
			</classes>
		</package>
		<package name="helpers" line-rate="0.3884" branch-rate="0.1429" complexity="0">
			<classes>
				<class name="const.py" filename="helpers/const.py" complexity="0" line-rate="1" branch-rate="1">
					<methods/>
					<lines>
						<line number="1" hits="1"/>
						<line number="2" hits="1"/>
						<line number="4" hits="1"/>
						<line number="11" hits="1"/>
						<line number="13" hits="1"/>
						<line number="14" hits="1"/>
						<line number="15" hits="1"/>
						<line number="16" hits="1"/>
						<line number="17" hits="1"/>
						<line number="19" hits="1"/>
						<line number="20" hits="1"/>
						<line number="21" hits="1"/>
						<line number="36" hits="1"/>
						<line number="37" hits="1"/>
						<line number="38" hits="1"/>
						<line number="39" hits="1"/>
					</lines>
				</class>
				<class name="container_registries.py" filename="helpers/container_registries.py" complexity="0" line-rate="0.6033" branch-rate="0.2917">
					<methods/>
					<lines>
						<line number="1" hits="1"/>
						<line number="2" hits="1"/>
						<line number="3" hits="1"/>
						<line number="4" hits="1"/>
						<line number="6" hits="1"/>
						<line number="7" hits="1"/>
						<line number="10" hits="1"/>
						<line number="11" hits="1"/>
						<line number="14" hits="1"/>
						<line number="15" hits="1"/>
						<line number="16" hits="1"/>
						<line number="17" hits="1"/>
						<line number="18" hits="1"/>
						<line number="19" hits="1"/>
						<line number="20" hits="1"/>
						<line number="21" hits="1"/>
						<line number="23" hits="1"/>
						<line number="24" hits="1"/>
						<line number="25" hits="1"/>
						<line number="26" hits="1"/>
						<line number="27" hits="1" branch="true" condition-coverage="50% (1/2)" missing-branches="28"/>
						<line number="28" hits="0"/>
						<line number="30" hits="1"/>
						<line number="34" hits="0"/>
						<line number="35" hits="0"/>
						<line number="36" hits="0"/>
						<line number="41" hits="1"/>
						<line number="47" hits="0"/>
						<line number="48" hits="0" branch="true" condition-coverage="0% (0/2)" missing-branches="49,50"/>
						<line number="49" hits="0"/>
						<line number="50" hits="0"/>
						<line number="54" hits="0" branch="true" condition-coverage="0% (0/2)" missing-branches="55,58"/>
						<line number="55" hits="0"/>
						<line number="56" hits="0"/>
						<line number="58" hits="0"/>
						<line number="60" hits="1"/>
						<line number="65" hits="1"/>
						<line number="66" hits="1"/>
						<line number="67" hits="1"/>
						<line number="72" hits="1" branch="true" condition-coverage="100% (2/2)"/>
						<line number="73" hits="1"/>
						<line number="75" hits="1"/>
						<line number="76" hits="0"/>
						<line number="77" hits="0"/>
						<line number="78" hits="0"/>
						<line number="84" hits="1"/>
						<line number="85" hits="1"/>
						<line number="91" hits="1"/>
						<line number="98" hits="1"/>
						<line number="99" hits="1" branch="true" condition-coverage="50% (1/2)" missing-branches="100"/>
						<line number="100" hits="0"/>
						<line number="102" hits="1"/>
						<line number="103" hits="1"/>
						<line number="104" hits="1"/>
						<line number="108" hits="1" branch="true" condition-coverage="50% (1/2)" missing-branches="111"/>
						<line number="109" hits="1"/>
						<line number="111" hits="0"/>
						<line number="112" hits="0"/>
						<line number="113" hits="0"/>
						<line number="115" hits="1"/>
						<line number="118" hits="1"/>
						<line number="119" hits="1"/>
						<line number="120" hits="1"/>
						<line number="121" hits="1"/>
						<line number="122" hits="1"/>
						<line number="123" hits="1"/>
						<line number="125" hits="1"/>
						<line number="126" hits="0"/>
						<line number="128" hits="0"/>
						<line number="129" hits="0"/>
						<line number="131" hits="1"/>
						<line number="132" hits="0"/>
						<line number="133" hits="0" branch="true" condition-coverage="0% (0/2)" missing-branches="134,136"/>
						<line number="134" hits="0"/>
						<line number="136" hits="0" branch="true" condition-coverage="0% (0/2)" missing-branches="137,138"/>
						<line number="137" hits="0"/>
						<line number="138" hits="0"/>
						<line number="140" hits="1"/>
						<line number="141" hits="0"/>
						<line number="142" hits="0"/>
						<line number="143" hits="0" branch="true" condition-coverage="0% (0/2)" missing-branches="144,145"/>
						<line number="144" hits="0"/>
						<line number="145" hits="0"/>
						<line number="147" hits="1"/>
						<line number="148" hits="1"/>
						<line number="149" hits="1"/>
						<line number="150" hits="1"/>
						<line number="151" hits="1"/>
						<line number="152" hits="1"/>
						<line number="154" hits="1"/>
						<line number="155" hits="1"/>
						<line number="157" hits="1"/>
						<line number="158" hits="1"/>
						<line number="160" hits="1"/>
						<line number="161" hits="1"/>
						<line number="163" hits="1" branch="true" condition-coverage="100% (2/2)"/>
						<line number="164" hits="1"/>
						<line number="165" hits="1"/>
						<line number="168" hits="1"/>
						<line number="169" hits="1"/>
						<line number="170" hits="1"/>
						<line number="171" hits="1"/>
						<line number="173" hits="1"/>
						<line number="174" hits="0"/>
						<line number="176" hits="0"/>
						<line number="177" hits="0"/>
						<line number="178" hits="0"/>
						<line number="180" hits="1"/>
						<line number="181" hits="0"/>
						<line number="182" hits="0"/>
						<line number="184" hits="1"/>
						<line number="185" hits="0"/>
						<line number="186" hits="0" branch="true" condition-coverage="0% (0/2)" missing-branches="187,189"/>
						<line number="187" hits="0"/>
						<line number="189" hits="0"/>
						<line number="191" hits="1"/>
						<line number="192" hits="0"/>
						<line number="193" hits="0"/>
						<line number="194" hits="0" branch="true" condition-coverage="0% (0/2)" missing-branches="195,199"/>
						<line number="195" hits="0"/>
						<line number="199" hits="0"/>
					</lines>
				</class>
				<class name="db.py" filename="helpers/db.py" complexity="0" line-rate="0.4902" branch-rate="0.3929">
					<methods/>
					<lines>
						<line number="1" hits="1"/>
						<line number="2" hits="1"/>
						<line number="3" hits="1"/>
						<line number="4" hits="1"/>
						<line number="5" hits="1"/>
						<line number="8" hits="1"/>
						<line number="9" hits="1"/>
						<line number="10" hits="1"/>
						<line number="13" hits="1"/>
						<line number="14" hits="1"/>
						<line number="15" hits="0"/>
						<line number="16" hits="0"/>
						<line number="17" hits="0"/>
						<line number="19" hits="1"/>
						<line number="20" hits="1"/>
						<line number="21" hits="1"/>
						<line number="22" hits="1" branch="true" condition-coverage="50% (1/2)" missing-branches="exit"/>
						<line number="23" hits="1"/>
						<line number="25" hits="1"/>
						<line number="26" hits="1" branch="true" condition-coverage="100% (2/2)"/>
						<line number="27" hits="0"/>
						<line number="28" hits="0"/>
						<line number="29" hits="0" branch="true" condition-coverage="0% (0/2)" missing-branches="30,31"/>
						<line number="30" hits="0"/>
						<line number="31" hits="0"/>
						<line number="33" hits="1"/>
						<line number="34" hits="1" branch="true" condition-coverage="100% (2/2)"/>
						<line number="35" hits="0"/>
						<line number="37" hits="1"/>
						<line number="38" hits="1" branch="true" condition-coverage="100% (2/2)"/>
						<line number="46" hits="0"/>
						<line number="48" hits="1"/>
						<line number="49" hits="1" branch="true" condition-coverage="100% (2/2)"/>
						<line number="50" hits="0"/>
						<line number="52" hits="1"/>
						<line number="53" hits="1" branch="true" condition-coverage="100% (2/2)"/>
						<line number="57" hits="0" branch="true" condition-coverage="0% (0/2)" missing-branches="58,59"/>
						<line number="58" hits="0"/>
						<line number="59" hits="0"/>
						<line number="60" hits="0" branch="true" condition-coverage="0% (0/2)" missing-branches="61,68"/>
						<line number="61" hits="0"/>
						<line number="62" hits="0" branch="true" condition-coverage="0% (0/2)" missing-branches="63,64"/>
						<line number="63" hits="0"/>
						<line number="64" hits="0" branch="true" condition-coverage="0% (0/2)" missing-branches="65,66"/>
						<line number="65" hits="0"/>
						<line number="66" hits="0" branch="true" condition-coverage="0% (0/2)" missing-branches="60,67"/>
						<line number="67" hits="0"/>
						<line number="68" hits="0" branch="true" condition-coverage="0% (0/2)" missing-branches="69,71"/>
						<line number="69" hits="0" branch="true" condition-coverage="0% (0/2)" missing-branches="68,70"/>
						<line number="70" hits="0"/>
						<line number="71" hits="0"/>
					</lines>
				</class>
				<class name="exceptions.py" filename="helpers/exceptions.py" complexity="0" line-rate="0.9302" branch-rate="1">
					<methods/>
					<lines>
						<line number="1" hits="1"/>
						<line number="2" hits="1"/>
						<line number="3" hits="1"/>
						<line number="4" hits="1"/>
						<line number="6" hits="1"/>
						<line number="7" hits="1"/>
						<line number="9" hits="1"/>
						<line number="10" hits="0"/>
						<line number="13" hits="1"/>
						<line number="14" hits="0"/>
						<line number="15" hits="0"/>
						<line number="17" hits="1"/>
						<line number="18" hits="1"/>
						<line number="19" hits="1"/>
						<line number="20" hits="1"/>
						<line number="21" hits="1"/>
						<line number="22" hits="1"/>
						<line number="23" hits="1" branch="true" condition-coverage="100% (2/2)"/>
						<line number="24" hits="1"/>
						<line number="26" hits="1"/>
						<line number="27" hits="1"/>
						<line number="29" hits="1"/>
						<line number="30" hits="1"/>
						<line number="32" hits="1"/>
						<line number="33" hits="1"/>
						<line number="35" hits="1"/>
						<line number="36" hits="1"/>
						<line number="38" hits="1"/>
						<line number="39" hits="1"/>
						<line number="40" hits="1"/>
						<line number="42" hits="1"/>
						<line number="43" hits="1"/>
						<line number="44" hits="1"/>
						<line number="46" hits="1"/>
						<line number="47" hits="1"/>
						<line number="49" hits="1"/>
						<line number="50" hits="1"/>
						<line number="52" hits="1"/>
						<line number="53" hits="1"/>
						<line number="55" hits="1"/>
						<line number="56" hits="1"/>
						<line number="58" hits="1"/>
						<line number="59" hits="1"/>
					</lines>
				</class>
				<class name="keycloak.py" filename="helpers/keycloak.py" complexity="0" line-rate="0.2937" branch-rate="0.09574">
					<methods/>
					<lines>
						<line number="1" hits="1"/>
						<line number="2" hits="1"/>
						<line number="3" hits="1"/>
						<line number="4" hits="1"/>
						<line number="5" hits="1"/>
						<line number="6" hits="1"/>
						<line number="7" hits="1"/>
						<line number="8" hits="1"/>
						<line number="9" hits="1"/>
						<line number="11" hits="1"/>
						<line number="12" hits="1"/>
						<line number="14" hits="1"/>
						<line number="15" hits="1"/>
						<line number="16" hits="1"/>
						<line number="17" hits="1"/>
						<line number="18" hits="1"/>
						<line number="19" hits="1"/>
						<line number="20" hits="1"/>
						<line number="21" hits="1"/>
						<line number="42" hits="1"/>
						<line number="43" hits="1"/>
						<line number="44" hits="1"/>
						<line number="45" hits="1"/>
						<line number="46" hits="1"/>
						<line number="47" hits="1"/>
						<line number="48" hits="1"/>
						<line number="50" hits="1"/>
						<line number="51" hits="1" branch="true" condition-coverage="100% (2/2)"/>
						<line number="55" hits="0"/>
						<line number="57" hits="1"/>
						<line number="61" hits="0"/>
						<line number="66" hits="1"/>
						<line number="70" hits="0"/>
						<line number="76" hits="0"/>
						<line number="83" hits="0" branch="true" condition-coverage="0% (0/2)" missing-branches="84,86"/>
						<line number="84" hits="0"/>
						<line number="85" hits="0"/>
						<line number="86" hits="0"/>
						<line number="88" hits="0"/>
						<line number="97" hits="0"/>
						<line number="104" hits="0" branch="true" condition-coverage="0% (0/2)" missing-branches="105,107"/>
						<line number="105" hits="0"/>
						<line number="106" hits="0"/>
						<line number="107" hits="0"/>
						<line number="109" hits="1"/>
						<line number="114" hits="0"/>
						<line number="123" hits="0"/>
						<line number="130" hits="0" branch="true" condition-coverage="0% (0/2)" missing-branches="131,133"/>
						<line number="131" hits="0"/>
						<line number="132" hits="0"/>
						<line number="133" hits="0"/>
						<line number="135" hits="1"/>
						<line number="142" hits="0"/>
						<line number="144" hits="1"/>
						<line number="148" hits="1"/>
						<line number="154" hits="1" branch="true" condition-coverage="50% (1/2)" missing-branches="155"/>
						<line number="155" hits="0"/>
						<line number="156" hits="0"/>
						<line number="157" hits="1"/>
						<line number="159" hits="1"/>
						<line number="169" hits="1" branch="true" condition-coverage="50% (1/2)" missing-branches="170"/>
						<line number="170" hits="0"/>
						<line number="178" hits="1"/>
						<line number="186" hits="1" branch="true" condition-coverage="50% (1/2)" missing-branches="187"/>
						<line number="187" hits="0"/>
						<line number="189" hits="1" branch="true" condition-coverage="50% (1/2)" missing-branches="190"/>
						<line number="190" hits="0"/>
						<line number="192" hits="0" branch="true" condition-coverage="0% (0/2)" missing-branches="193,195"/>
						<line number="193" hits="0"/>
						<line number="195" hits="0"/>
						<line number="196" hits="1"/>
						<line number="198" hits="1"/>
						<line number="202" hits="0"/>
						<line number="213" hits="0" branch="true" condition-coverage="0% (0/2)" missing-branches="214,216"/>
						<line number="214" hits="0"/>
						<line number="215" hits="0"/>
						<line number="216" hits="0"/>
						<line number="218" hits="1"/>
						<line number="222" hits="1"/>
						<line number="229" hits="1"/>
						<line number="231" hits="1"/>
						<line number="235" hits="1"/>
						<line number="241" hits="1"/>
						<line number="243" hits="1"/>
						<line number="247" hits="0"/>
						<line number="248" hits="0" branch="true" condition-coverage="0% (0/2)" missing-branches="249,261"/>
						<line number="249" hits="0"/>
						<line number="261" hits="0"/>
						<line number="273" hits="0"/>
						<line number="275" hits="1"/>
						<line number="279" hits="0"/>
						<line number="280" hits="0"/>
						<line number="288" hits="0" branch="true" condition-coverage="0% (0/2)" missing-branches="289,290"/>
						<line number="289" hits="0"/>
						<line number="290" hits="0"/>
						<line number="292" hits="1"/>
						<line number="297" hits="1"/>
						<line number="300" hits="1" branch="true" condition-coverage="50% (1/2)" missing-branches="303"/>
						<line number="301" hits="1"/>
						<line number="303" hits="1"/>
						<line number="307" hits="1" branch="true" condition-coverage="50% (1/2)" missing-branches="308"/>
						<line number="308" hits="0"/>
						<line number="309" hits="0"/>
						<line number="310" hits="1" branch="true" condition-coverage="50% (1/2)" missing-branches="311"/>
						<line number="311" hits="0"/>
						<line number="313" hits="1"/>
						<line number="315" hits="1"/>
						<line number="316" hits="0" branch="true" condition-coverage="0% (0/2)" missing-branches="317,326"/>
						<line number="317" hits="0"/>
						<line number="326" hits="0"/>
						<line number="331" hits="0"/>
						<line number="341" hits="0" branch="true" condition-coverage="0% (0/2)" missing-branches="342,344"/>
						<line number="342" hits="0"/>
						<line number="343" hits="0"/>
						<line number="344" hits="0"/>
						<line number="346" hits="1"/>
						<line number="354" hits="0"/>
						<line number="360" hits="0"/>
						<line number="361" hits="0" branch="true" condition-coverage="0% (0/2)" missing-branches="362,363"/>
						<line number="362" hits="0"/>
						<line number="363" hits="0" branch="true" condition-coverage="0% (0/2)" missing-branches="364,366"/>
						<line number="364" hits="0"/>
						<line number="365" hits="0"/>
						<line number="366" hits="0"/>
						<line number="367" hits="0"/>
						<line number="368" hits="0"/>
						<line number="370" hits="1"/>
						<line number="371" hits="0"/>
						<line number="374" hits="0"/>
						<line number="378" hits="0" branch="true" condition-coverage="0% (0/2)" missing-branches="379,381"/>
						<line number="379" hits="0"/>
						<line number="380" hits="0"/>
						<line number="381" hits="0"/>
						<line number="383" hits="1"/>
						<line number="393" hits="0"/>
						<line number="394" hits="0"/>
						<line number="396" hits="0"/>
						<line number="399" hits="0"/>
						<line number="404" hits="0" branch="true" condition-coverage="0% (0/2)" missing-branches="exit,405"/>
						<line number="405" hits="0"/>
						<line number="406" hits="0"/>
						<line number="408" hits="1"/>
						<line number="413" hits="0"/>
						<line number="416" hits="0"/>
						<line number="420" hits="0" branch="true" condition-coverage="0% (0/2)" missing-branches="421,424"/>
						<line number="421" hits="0"/>
						<line number="422" hits="0"/>
						<line number="424" hits="0"/>
						<line number="426" hits="1"/>
						<line number="431" hits="0"/>
						<line number="434" hits="0"/>
						<line number="438" hits="0" branch="true" condition-coverage="0% (0/2)" missing-branches="439,442"/>
						<line number="439" hits="0"/>
						<line number="440" hits="0"/>
						<line number="442" hits="0"/>
						<line number="444" hits="1"/>
						<line number="450" hits="0"/>
						<line number="467" hits="0" branch="true" condition-coverage="0% (0/2)" missing-branches="468,471"/>
						<line number="468" hits="0"/>
						<line number="469" hits="0"/>
						<line number="471" hits="0"/>
						<line number="478" hits="0" branch="true" condition-coverage="0% (0/2)" missing-branches="479,482"/>
						<line number="479" hits="0"/>
						<line number="480" hits="0"/>
						<line number="482" hits="0"/>
						<line number="484" hits="1"/>
						<line number="488" hits="0"/>
						<line number="493" hits="0" branch="true" condition-coverage="0% (0/2)" missing-branches="494,495"/>
						<line number="494" hits="0"/>
						<line number="495" hits="0" branch="true" condition-coverage="0% (0/2)" missing-branches="496,499"/>
						<line number="496" hits="0"/>
						<line number="497" hits="0"/>
						<line number="499" hits="0"/>
						<line number="501" hits="1"/>
						<line number="505" hits="0"/>
						<line number="510" hits="0" branch="true" condition-coverage="0% (0/2)" missing-branches="511,512"/>
						<line number="511" hits="0"/>
						<line number="512" hits="0" branch="true" condition-coverage="0% (0/2)" missing-branches="513,516"/>
						<line number="513" hits="0"/>
						<line number="514" hits="0"/>
						<line number="516" hits="0"/>
						<line number="518" hits="1"/>
						<line number="519" hits="0"/>
						<line number="522" hits="0"/>
						<line number="527" hits="0" branch="true" condition-coverage="0% (0/2)" missing-branches="528,529"/>
						<line number="528" hits="0"/>
						<line number="529" hits="0" branch="true" condition-coverage="0% (0/2)" missing-branches="530,533"/>
						<line number="530" hits="0"/>
						<line number="531" hits="0"/>
						<line number="533" hits="0"/>
						<line number="535" hits="1"/>
						<line number="536" hits="0"/>
						<line number="541" hits="0" branch="true" condition-coverage="0% (0/2)" missing-branches="542,545"/>
						<line number="542" hits="0"/>
						<line number="543" hits="0"/>
						<line number="545" hits="0"/>
						<line number="548" hits="1"/>
						<line number="555" hits="0" branch="true" condition-coverage="0% (0/2)" missing-branches="exit,556"/>
						<line number="556" hits="0"/>
						<line number="559" hits="0"/>
						<line number="561" hits="0"/>
						<line number="578" hits="0" branch="true" condition-coverage="0% (0/2)" missing-branches="579,582"/>
						<line number="579" hits="0"/>
						<line number="580" hits="0"/>
						<line number="582" hits="0"/>
						<line number="584" hits="0"/>
						<line number="586" hits="0"/>
						<line number="588" hits="0"/>
						<line number="590" hits="1"/>
						<line number="598" hits="0" branch="true" condition-coverage="0% (0/2)" missing-branches="599,600"/>
						<line number="599" hits="0"/>
						<line number="600" hits="0"/>
						<line number="605" hits="0" branch="true" condition-coverage="0% (0/2)" missing-branches="exit,606"/>
						<line number="606" hits="0"/>
						<line number="607" hits="0"/>
						<line number="609" hits="1"/>
						<line number="613" hits="0"/>
						<line number="617" hits="0" branch="true" condition-coverage="0% (0/2)" missing-branches="618,620"/>
						<line number="618" hits="0"/>
						<line number="620" hits="0"/>
						<line number="622" hits="1"/>
						<line number="626" hits="0"/>
						<line number="630" hits="0" branch="true" condition-coverage="0% (0/2)" missing-branches="631,633"/>
						<line number="631" hits="0"/>
						<line number="633" hits="0"/>
						<line number="635" hits="1"/>
						<line number="640" hits="0"/>
						<line number="644" hits="0" branch="true" condition-coverage="0% (0/2)" missing-branches="645,647"/>
						<line number="645" hits="0"/>
						<line number="647" hits="0"/>
						<line number="649" hits="1"/>
						<line number="653" hits="0"/>
						<line number="657" hits="0" branch="true" condition-coverage="0% (0/2)" missing-branches="658,660"/>
						<line number="658" hits="0"/>
						<line number="660" hits="0"/>
						<line number="662" hits="1"/>
						<line number="666" hits="0"/>
						<line number="668" hits="1"/>
						<line number="674" hits="0"/>
						<line number="676" hits="0" branch="true" condition-coverage="0% (0/2)" missing-branches="677,681"/>
						<line number="677" hits="0"/>
						<line number="681" hits="0"/>
						<line number="690" hits="0" branch="true" condition-coverage="0% (0/2)" missing-branches="exit,691"/>
						<line number="691" hits="0"/>
						<line number="692" hits="0"/>
						<line number="694" hits="1"/>
						<line number="699" hits="0"/>
						<line number="704" hits="0" branch="true" condition-coverage="0% (0/2)" missing-branches="705,707"/>
						<line number="705" hits="0"/>
						<line number="707" hits="0"/>
						<line number="708" hits="0"/>
						<line number="711" hits="0"/>
						<line number="717" hits="0" branch="true" condition-coverage="0% (0/2)" missing-branches="718,720"/>
						<line number="718" hits="0"/>
						<line number="720" hits="0"/>
						<line number="721" hits="0"/>
						<line number="727" hits="0"/>
						<line number="730" hits="0"/>
						<line number="739" hits="0" branch="true" condition-coverage="0% (0/2)" missing-branches="740,744"/>
						<line number="740" hits="0"/>
						<line number="744" hits="0" branch="true" condition-coverage="0% (0/2)" missing-branches="745,747"/>
						<line number="745" hits="0"/>
						<line number="747" hits="0"/>
						<line number="749" hits="0"/>
						<line number="750" hits="0"/>
						<line number="756" hits="0"/>
						<line number="758" hits="0"/>
						<line number="770" hits="0" branch="true" condition-coverage="0% (0/2)" missing-branches="exit,771"/>
						<line number="771" hits="0"/>
					</lines>
				</class>
				<class name="kubernetes.py" filename="helpers/kubernetes.py" complexity="0" line-rate="0.3057" branch-rate="0.1607">
					<methods/>
					<lines>
						<line number="1" hits="1"/>
						<line number="2" hits="1"/>
						<line number="3" hits="1"/>
						<line number="4" hits="1"/>
						<line number="5" hits="1"/>
						<line number="6" hits="1"/>
						<line number="7" hits="1"/>
						<line number="8" hits="1"/>
						<line number="9" hits="1"/>
						<line number="10" hits="1"/>
						<line number="11" hits="1"/>
						<line number="13" hits="1"/>
						<line number="14" hits="1"/>
						<line number="16" hits="1"/>
						<line number="17" hits="1"/>
						<line number="18" hits="1" branch="true" condition-coverage="50% (1/2)" missing-branches="20"/>
						<line number="20" hits="0"/>
						<line number="23" hits="1"/>
						<line number="24" hits="1"/>
						<line number="26" hits="1"/>
						<line number="27" hits="1" branch="true" condition-coverage="100% (2/2)"/>
						<line number="32" hits="1"/>
						<line number="34" hits="1"/>
						<line number="35" hits="1" branch="true" condition-coverage="100% (2/2)"/>
						<line number="40" hits="0"/>
						<line number="42" hits="1"/>
						<line number="46" hits="0"/>
						<line number="48" hits="1"/>
						<line number="53" hits="0"/>
						<line number="54" hits="0"/>
						<line number="55" hits="0" branch="true" condition-coverage="0% (0/2)" missing-branches="56,57"/>
						<line number="56" hits="0"/>
						<line number="57" hits="0"/>
						<line number="59" hits="1"/>
						<line number="65" hits="0"/>
						<line number="66" hits="0"/>
						<line number="67" hits="0"/>
						<line number="69" hits="0"/>
						<line number="73" hits="0"/>
						<line number="75" hits="0" branch="true" condition-coverage="0% (0/2)" missing-branches="76,82"/>
						<line number="76" hits="0"/>
						<line number="82" hits="0"/>
						<line number="92" hits="0" branch="true" condition-coverage="0% (0/2)" missing-branches="93,95"/>
						<line number="93" hits="0"/>
						<line number="95" hits="0"/>
						<line number="97" hits="0"/>
						<line number="107" hits="0"/>
						<line number="112" hits="0"/>
						<line number="119" hits="1"/>
						<line number="125" hits="0"/>
						<line number="126" hits="0"/>
						<line number="127" hits="0" branch="true" condition-coverage="0% (0/2)" missing-branches="128,138"/>
						<line number="128" hits="0"/>
						<line number="134" hits="0"/>
						<line number="138" hits="0"/>
						<line number="144" hits="0" branch="true" condition-coverage="0% (0/2)" missing-branches="145,147"/>
						<line number="145" hits="0"/>
						<line number="147" hits="0"/>
						<line number="152" hits="0"/>
						<line number="157" hits="0"/>
						<line number="161" hits="0"/>
						<line number="165" hits="0"/>
						<line number="172" hits="1"/>
						<line number="179" hits="0"/>
						<line number="181" hits="0"/>
						<line number="185" hits="0"/>
						<line number="192" hits="1"/>
						<line number="197" hits="0"/>
						<line number="198" hits="0"/>
						<line number="202" hits="0"/>
						<line number="203" hits="0"/>
						<line number="204" hits="0" branch="true" condition-coverage="0% (0/2)" missing-branches="exit,205"/>
						<line number="205" hits="0"/>
						<line number="207" hits="1"/>
						<line number="212" hits="0"/>
						<line number="213" hits="0"/>
						<line number="217" hits="0"/>
						<line number="218" hits="0"/>
						<line number="219" hits="0" branch="true" condition-coverage="0% (0/2)" missing-branches="exit,220"/>
						<line number="220" hits="0"/>
						<line number="222" hits="1"/>
						<line number="228" hits="0"/>
						<line number="233" hits="0" branch="true" condition-coverage="0% (0/2)" missing-branches="234,240"/>
						<line number="234" hits="0"/>
						<line number="240" hits="0"/>
						<line number="244" hits="0"/>
						<line number="251" hits="0"/>
						<line number="262" hits="0"/>
						<line number="263" hits="0"/>
						<line number="264" hits="0"/>
						<line number="265" hits="0" branch="true" condition-coverage="0% (0/2)" missing-branches="266,267"/>
						<line number="266" hits="0"/>
						<line number="267" hits="0"/>
						<line number="268" hits="0"/>
						<line number="269" hits="0"/>
						<line number="270" hits="0" branch="true" condition-coverage="0% (0/2)" missing-branches="exit,271"/>
						<line number="271" hits="0"/>
						<line number="273" hits="1"/>
						<line number="278" hits="0"/>
						<line number="280" hits="0"/>
						<line number="281" hits="0" branch="true" condition-coverage="0% (0/2)" missing-branches="282,318"/>
						<line number="282" hits="0"/>
						<line number="291" hits="0" branch="true" condition-coverage="0% (0/2)" missing-branches="292,298"/>
						<line number="292" hits="0"/>
						<line number="293" hits="0" branch="true" condition-coverage="0% (0/2)" missing-branches="294,296"/>
						<line number="294" hits="0"/>
						<line number="295" hits="0"/>
						<line number="296" hits="0" branch="true" condition-coverage="0% (0/2)" missing-branches="291,297"/>
						<line number="297" hits="0"/>
						<line number="298" hits="0"/>
						<line number="300" hits="0"/>
						<line number="301" hits="0"/>
						<line number="302" hits="0"/>
						<line number="303" hits="0"/>
						<line number="304" hits="0"/>
						<line number="306" hits="0"/>
						<line number="308" hits="0" branch="true" condition-coverage="0% (0/2)" missing-branches="281,309"/>
						<line number="309" hits="0" branch="true" condition-coverage="0% (0/2)" missing-branches="308,310"/>
						<line number="310" hits="0"/>
						<line number="311" hits="0" branch="true" condition-coverage="0% (0/2)" missing-branches="309,312"/>
						<line number="312" hits="0" branch="true" condition-coverage="0% (0/2)" missing-branches="313,315"/>
						<line number="313" hits="0"/>
						<line number="315" hits="0"/>
						<line number="318" hits="0"/>
						<line number="319" hits="0" branch="true" condition-coverage="0% (0/2)" missing-branches="320,329"/>
						<line number="320" hits="0"/>
						<line number="321" hits="0"/>
						<line number="325" hits="0" branch="true" condition-coverage="0% (0/2)" missing-branches="326,327"/>
						<line number="326" hits="0"/>
						<line number="327" hits="0"/>
						<line number="329" hits="0"/>
						<line number="331" hits="1"/>
						<line number="332" hits="1"/>
						<line number="337" hits="0"/>
						<line number="338" hits="0" branch="true" condition-coverage="0% (0/2)" missing-branches="exit,344"/>
						<line number="344" hits="0" branch="true" condition-coverage="0% (0/2)" missing-branches="345,347"/>
						<line number="345" hits="0"/>
						<line number="346" hits="0"/>
						<line number="347" hits="0"/>
						<line number="349" hits="1"/>
						<line number="355" hits="1"/>
						<line number="356" hits="1"/>
						<line number="357" hits="1" branch="true" condition-coverage="100% (2/2)"/>
						<line number="358" hits="1"/>
						<line number="360" hits="1"/>
						<line number="361" hits="1"/>
						<line number="362" hits="1"/>
						<line number="363" hits="1"/>
						<line number="364" hits="1" branch="true" condition-coverage="100% (2/2)"/>
						<line number="365" hits="1"/>
						<line number="366" hits="1"/>
						<line number="367" hits="0"/>
						<line number="368" hits="0" branch="true" condition-coverage="0% (0/2)" missing-branches="369,371"/>
						<line number="369" hits="0"/>
						<line number="371" hits="0"/>
						<line number="374" hits="1"/>
						<line number="375" hits="1"/>
					</lines>
				</class>
				<class name="query_filters.py" filename="helpers/query_filters.py" complexity="0" line-rate="0.1786" branch-rate="0">
					<methods/>
					<lines>
						<line number="1" hits="1"/>
						<line number="2" hits="1"/>
						<line number="3" hits="1"/>
						<line number="5" hits="1"/>
						<line number="15" hits="1"/>
						<line number="32" hits="0"/>
						<line number="33" hits="0" branch="true" condition-coverage="0% (0/2)" missing-branches="34,55"/>
						<line number="34" hits="0"/>
						<line number="35" hits="0" branch="true" condition-coverage="0% (0/2)" missing-branches="36,52"/>
						<line number="36" hits="0" branch="true" condition-coverage="0% (0/2)" missing-branches="35,37"/>
						<line number="37" hits="0"/>
						<line number="38" hits="0" branch="true" condition-coverage="0% (0/2)" missing-branches="39,40"/>
						<line number="39" hits="0"/>
						<line number="40" hits="0" branch="true" condition-coverage="0% (0/2)" missing-branches="41,42"/>
						<line number="41" hits="0"/>
						<line number="42" hits="0" branch="true" condition-coverage="0% (0/2)" missing-branches="43,44"/>
						<line number="43" hits="0"/>
						<line number="44" hits="0" branch="true" condition-coverage="0% (0/2)" missing-branches="45,46"/>
						<line number="45" hits="0"/>
						<line number="46" hits="0" branch="true" condition-coverage="0% (0/2)" missing-branches="47,48"/>
						<line number="47" hits="0"/>
						<line number="48" hits="0" branch="true" condition-coverage="0% (0/2)" missing-branches="49,50"/>
						<line number="49" hits="0"/>
						<line number="50" hits="0"/>
						<line number="51" hits="0"/>
						<line number="52" hits="0" branch="true" condition-coverage="0% (0/2)" missing-branches="33,53"/>
						<line number="53" hits="0"/>
						<line number="55" hits="0"/>
					</lines>
				</class>
				<class name="query_validator.py" filename="helpers/query_validator.py" complexity="0" line-rate="0.3611" branch-rate="0">
					<methods/>
					<lines>
						<line number="7" hits="1"/>
						<line number="8" hits="1"/>
						<line number="9" hits="1"/>
						<line number="10" hits="1"/>
						<line number="11" hits="1"/>
						<line number="12" hits="1"/>
						<line number="14" hits="1"/>
						<line number="15" hits="1"/>
						<line number="16" hits="1"/>
						<line number="18" hits="1"/>
						<line number="19" hits="1"/>
						<line number="21" hits="1"/>
						<line number="26" hits="0"/>
						<line number="27" hits="0" branch="true" condition-coverage="0% (0/2)" missing-branches="28,41"/>
						<line number="28" hits="0"/>
						<line number="35" hits="0"/>
						<line number="40" hits="0"/>
						<line number="41" hits="0" branch="true" condition-coverage="0% (0/2)" missing-branches="exit,42"/>
						<line number="42" hits="0"/>
						<line number="43" hits="0"/>
						<line number="45" hits="1"/>
						<line number="50" hits="0"/>
						<line number="51" hits="0" branch="true" condition-coverage="0% (0/2)" missing-branches="52,59"/>
						<line number="52" hits="0" branch="true" condition-coverage="0% (0/2)" missing-branches="54,56"/>
						<line number="54" hits="0"/>
						<line number="55" hits="0"/>
						<line number="56" hits="0" branch="true" condition-coverage="0% (0/2)" missing-branches="51,57"/>
						<line number="57" hits="0"/>
						<line number="58" hits="0"/>
						<line number="59" hits="0"/>
						<line number="60" hits="0" branch="true" condition-coverage="0% (0/2)" missing-branches="61,63"/>
						<line number="61" hits="0"/>
						<line number="62" hits="0"/>
						<line number="63" hits="0"/>
						<line number="64" hits="0"/>
						<line number="65" hits="0"/>
					</lines>
				</class>
				<class name="wrappers.py" filename="helpers/wrappers.py" complexity="0" line-rate="0.213" branch-rate="0.06897">
					<methods/>
					<lines>
						<line number="1" hits="1"/>
						<line number="2" hits="1"/>
						<line number="3" hits="1"/>
						<line number="4" hits="1"/>
						<line number="6" hits="1"/>
						<line number="7" hits="1"/>
						<line number="8" hits="1"/>
						<line number="9" hits="1"/>
						<line number="12" hits="1"/>
						<line number="13" hits="1"/>
						<line number="15" hits="1"/>
						<line number="16" hits="1"/>
						<line number="17" hits="1"/>
						<line number="18" hits="1" branch="true" condition-coverage="100% (2/2)"/>
						<line number="19" hits="0"/>
						<line number="20" hits="0" branch="true" condition-coverage="0% (0/2)" missing-branches="21,23"/>
						<line number="21" hits="0"/>
						<line number="23" hits="0"/>
						<line number="24" hits="0"/>
						<line number="25" hits="0"/>
						<line number="26" hits="0"/>
						<line number="27" hits="0"/>
						<line number="29" hits="0" branch="true" condition-coverage="0% (0/2)" missing-branches="30,42"/>
						<line number="30" hits="0"/>
						<line number="31" hits="0"/>
						<line number="33" hits="0" branch="true" condition-coverage="0% (0/2)" missing-branches="34,38"/>
						<line number="34" hits="0"/>
						<line number="35" hits="0"/>
						<line number="36" hits="0"/>
						<line number="38" hits="0" branch="true" condition-coverage="0% (0/2)" missing-branches="39,42"/>
						<line number="39" hits="0"/>
						<line number="40" hits="0"/>
						<line number="42" hits="0"/>
						<line number="43" hits="0"/>
						<line number="44" hits="0"/>
						<line number="47" hits="0" branch="true" condition-coverage="0% (0/2)" missing-branches="48,54"/>
						<line number="48" hits="0" branch="true" condition-coverage="0% (0/2)" missing-branches="49,54"/>
						<line number="49" hits="0"/>
						<line number="50" hits="0"/>
						<line number="51" hits="0"/>
						<line number="52" hits="0"/>
						<line number="54" hits="0" branch="true" condition-coverage="0% (0/2)" missing-branches="55,57"/>
						<line number="55" hits="0"/>
						<line number="57" hits="0"/>
						<line number="58" hits="1"/>
						<line number="59" hits="1"/>
						<line number="62" hits="1"/>
						<line number="63" hits="1"/>
						<line number="64" hits="1" branch="true" condition-coverage="100% (2/2)"/>
						<line number="65" hits="0"/>
						<line number="66" hits="0"/>
						<line number="67" hits="0" branch="true" condition-coverage="0% (0/2)" missing-branches="68,70"/>
						<line number="68" hits="0"/>
						<line number="69" hits="0"/>
						<line number="70" hits="0"/>
						<line number="71" hits="0"/>
						<line number="72" hits="0"/>
						<line number="74" hits="0" branch="true" condition-coverage="0% (0/2)" missing-branches="76,78"/>
						<line number="76" hits="0"/>
						<line number="78" hits="0"/>
						<line number="80" hits="0"/>
						<line number="81" hits="0" branch="true" condition-coverage="0% (0/2)" missing-branches="82,92"/>
						<line number="82" hits="0"/>
						<line number="84" hits="0" branch="true" condition-coverage="0% (0/2)" missing-branches="85,92"/>
						<line number="85" hits="0"/>
						<line number="88" hits="0" branch="true" condition-coverage="0% (0/2)" missing-branches="89,90"/>
						<line number="89" hits="0"/>
						<line number="90" hits="0"/>
						<line number="92" hits="0"/>
						<line number="93" hits="0" branch="true" condition-coverage="0% (0/2)" missing-branches="94,97"/>
						<line number="94" hits="0"/>
						<line number="95" hits="0"/>
						<line number="97" hits="0"/>
						<line number="98" hits="0"/>
						<line number="99" hits="0"/>
						<line number="100" hits="0"/>
						<line number="101" hits="0"/>
						<line number="102" hits="0"/>
						<line number="103" hits="1"/>
						<line number="105" hits="1"/>
						<line number="109" hits="0"/>
						<line number="110" hits="0" branch="true" condition-coverage="0% (0/2)" missing-branches="exit,111"/>
						<line number="111" hits="0" branch="true" condition-coverage="0% (0/2)" missing-branches="112,113"/>
						<line number="112" hits="0"/>
						<line number="113" hits="0" branch="true" condition-coverage="0% (0/2)" missing-branches="114,117"/>
						<line number="114" hits="0" branch="true" condition-coverage="0% (0/2)" missing-branches="110,115"/>
						<line number="115" hits="0" branch="true" condition-coverage="0% (0/2)" missing-branches="114,116"/>
						<line number="116" hits="0"/>
						<line number="117" hits="0" branch="true" condition-coverage="0% (0/2)" missing-branches="110,118"/>
						<line number="118" hits="0"/>
						<line number="120" hits="1"/>
						<line number="124" hits="0" branch="true" condition-coverage="0% (0/2)" missing-branches="exit,125"/>
						<line number="125" hits="0" branch="true" condition-coverage="0% (0/2)" missing-branches="126,127"/>
						<line number="126" hits="0"/>
						<line number="127" hits="0" branch="true" condition-coverage="0% (0/2)" missing-branches="128,131"/>
						<line number="128" hits="0" branch="true" condition-coverage="0% (0/2)" missing-branches="124,129"/>
						<line number="129" hits="0" branch="true" condition-coverage="0% (0/2)" missing-branches="128,130"/>
						<line number="130" hits="0"/>
						<line number="131" hits="0" branch="true" condition-coverage="0% (0/2)" missing-branches="124,132"/>
						<line number="132" hits="0"/>
						<line number="134" hits="1"/>
						<line number="139" hits="0"/>
						<line number="140" hits="0" branch="true" condition-coverage="0% (0/2)" missing-branches="141,146"/>
						<line number="141" hits="0" branch="true" condition-coverage="0% (0/2)" missing-branches="142,145"/>
						<line number="142" hits="0"/>
						<line number="143" hits="0"/>
						<line number="145" hits="0"/>
						<line number="146" hits="0"/>
					</lines>
				</class>
			</classes>
		</package>
		<package name="models" line-rate="0.3851" branch-rate="0.1667" complexity="0">
			<classes>
				<class name="audit.py" filename="models/audit.py" complexity="0" line-rate="0.6667" branch-rate="1">
					<methods/>
					<lines>
						<line number="1" hits="1"/>
						<line number="2" hits="1"/>
						<line number="3" hits="1"/>
						<line number="4" hits="1"/>
						<line number="6" hits="1"/>
						<line number="7" hits="1"/>
						<line number="8" hits="1"/>
						<line number="9" hits="1"/>
						<line number="10" hits="1"/>
						<line number="11" hits="1"/>
						<line number="12" hits="1"/>
						<line number="13" hits="1"/>
						<line number="14" hits="1"/>
						<line number="15" hits="1"/>
						<line number="16" hits="1"/>
						<line number="18" hits="1"/>
						<line number="27" hits="0"/>
						<line number="28" hits="0"/>
						<line number="29" hits="0"/>
						<line number="30" hits="0"/>
						<line number="31" hits="0"/>
						<line number="32" hits="0"/>
						<line number="33" hits="0"/>
						<line number="34" hits="0"/>
					</lines>
				</class>
				<class name="catalogue.py" filename="models/catalogue.py" complexity="0" line-rate="0.5641" branch-rate="0.25">
					<methods/>
					<lines>
						<line number="1" hits="1"/>
						<line number="2" hits="1"/>
						<line number="3" hits="1"/>
						<line number="4" hits="1"/>
						<line number="5" hits="1"/>
						<line number="6" hits="1"/>
						<line number="7" hits="1"/>
						<line number="9" hits="1"/>
						<line number="10" hits="1"/>
						<line number="11" hits="1"/>
						<line number="14" hits="1"/>
						<line number="15" hits="1"/>
						<line number="16" hits="1"/>
						<line number="17" hits="1"/>
						<line number="18" hits="1"/>
						<line number="19" hits="1"/>
						<line number="21" hits="1"/>
						<line number="22" hits="1"/>
						<line number="24" hits="1"/>
						<line number="32" hits="0"/>
						<line number="33" hits="0"/>
						<line number="34" hits="0"/>
						<line number="35" hits="0"/>
						<line number="36" hits="0"/>
						<line number="37" hits="0"/>
						<line number="39" hits="1"/>
						<line number="40" hits="0" branch="true" condition-coverage="0% (0/2)" missing-branches="41,45"/>
						<line number="41" hits="0" branch="true" condition-coverage="0% (0/2)" missing-branches="42,44"/>
						<line number="42" hits="0"/>
						<line number="44" hits="0"/>
						<line number="45" hits="0"/>
						<line number="47" hits="1"/>
						<line number="48" hits="1" branch="true" condition-coverage="100% (2/2)"/>
						<line number="51" hits="0"/>
						<line number="52" hits="0" branch="true" condition-coverage="0% (0/2)" missing-branches="53,55"/>
						<line number="53" hits="0"/>
						<line number="55" hits="0"/>
						<line number="56" hits="0"/>
						<line number="57" hits="0"/>
					</lines>
				</class>
				<class name="container.py" filename="models/container.py" complexity="0" line-rate="0.7059" branch-rate="0.3333">
					<methods/>
					<lines>
						<line number="1" hits="1"/>
						<line number="2" hits="1"/>
						<line number="3" hits="1"/>
						<line number="4" hits="1"/>
						<line number="5" hits="1"/>
						<line number="6" hits="1"/>
						<line number="9" hits="1"/>
						<line number="10" hits="1"/>
						<line number="12" hits="1"/>
						<line number="13" hits="1"/>
						<line number="14" hits="1"/>
						<line number="15" hits="1"/>
						<line number="16" hits="1"/>
						<line number="18" hits="1"/>
						<line number="19" hits="1"/>
						<line number="21" hits="1"/>
						<line number="29" hits="1"/>
						<line number="30" hits="1"/>
						<line number="31" hits="1"/>
						<line number="32" hits="1"/>
						<line number="33" hits="1"/>
						<line number="37" hits="1"/>
						<line number="38" hits="1" branch="true" condition-coverage="100% (2/2)"/>
						<line number="39" hits="0"/>
						<line number="41" hits="0"/>
						<line number="42" hits="0" branch="true" condition-coverage="0% (0/2)" missing-branches="43,44"/>
						<line number="43" hits="0"/>
						<line number="44" hits="0"/>
						<line number="46" hits="0"/>
						<line number="47" hits="0" branch="true" condition-coverage="0% (0/2)" missing-branches="48,51"/>
						<line number="48" hits="0"/>
						<line number="51" hits="0"/>
						<line number="53" hits="1"/>
						<line number="54" hits="0"/>
					</lines>
				</class>
				<class name="dataset.py" filename="models/dataset.py" complexity="0" line-rate="0.2566" branch-rate="0.1">
					<methods/>
					<lines>
						<line number="1" hits="1"/>
						<line number="2" hits="1"/>
						<line number="3" hits="1"/>
						<line number="4" hits="1"/>
						<line number="5" hits="1"/>
						<line number="6" hits="1"/>
						<line number="7" hits="1"/>
						<line number="8" hits="1"/>
						<line number="9" hits="1"/>
						<line number="10" hits="1"/>
						<line number="13" hits="1"/>
						<line number="15" hits="1"/>
						<line number="16" hits="1"/>
						<line number="18" hits="1"/>
						<line number="19" hits="1"/>
						<line number="20" hits="1"/>
						<line number="21" hits="1"/>
						<line number="22" hits="1"/>
						<line number="23" hits="1"/>
						<line number="25" hits="1"/>
						<line number="35" hits="0"/>
						<line number="36" hits="0"/>
						<line number="37" hits="0"/>
						<line number="38" hits="0"/>
						<line number="39" hits="0"/>
						<line number="40" hits="0"/>
						<line number="41" hits="0"/>
						<line number="42" hits="0"/>
						<line number="43" hits="0"/>
						<line number="45" hits="0" branch="true" condition-coverage="0% (0/2)" missing-branches="exit,46"/>
						<line number="46" hits="0"/>
						<line number="48" hits="1"/>
						<line number="49" hits="0"/>
						<line number="50" hits="0"/>
						<line number="52" hits="0"/>
						<line number="53" hits="0"/>
						<line number="55" hits="1"/>
						<line number="56" hits="0"/>
						<line number="57" hits="0"/>
						<line number="58" hits="0"/>
						<line number="59" hits="0"/>
						<line number="61" hits="1"/>
						<line number="66" hits="0"/>
						<line number="68" hits="1"/>
						<line number="73" hits="0"/>
						<line number="74" hits="0"/>
						<line number="77" hits="0"/>
						<line number="78" hits="0"/>
						<line number="80" hits="0"/>
						<line number="82" hits="1"/>
						<line number="83" hits="0"/>
						<line number="85" hits="0"/>
						<line number="86" hits="0"/>
						<line number="96" hits="0"/>
						<line number="97" hits="0"/>
						<line number="99" hits="0"/>
						<line number="100" hits="0"/>
						<line number="101" hits="0"/>
						<line number="103" hits="0"/>
						<line number="104" hits="0"/>
						<line number="105" hits="0"/>
						<line number="106" hits="0"/>
						<line number="107" hits="0"/>
						<line number="108" hits="0"/>
						<line number="109" hits="0"/>
						<line number="110" hits="0"/>
						<line number="117" hits="0"/>
						<line number="123" hits="0"/>
						<line number="134" hits="1"/>
						<line number="140" hits="0" branch="true" condition-coverage="0% (0/2)" missing-branches="141,143"/>
						<line number="141" hits="0"/>
						<line number="143" hits="0"/>
						<line number="144" hits="0"/>
						<line number="145" hits="0"/>
						<line number="148" hits="0"/>
						<line number="149" hits="0"/>
						<line number="152" hits="0"/>
						<line number="153" hits="0" branch="true" condition-coverage="0% (0/2)" missing-branches="154,155"/>
						<line number="154" hits="0"/>
						<line number="155" hits="0"/>
						<line number="156" hits="0" branch="true" condition-coverage="0% (0/2)" missing-branches="157,159"/>
						<line number="157" hits="0"/>
						<line number="159" hits="0"/>
						<line number="161" hits="0"/>
						<line number="162" hits="0"/>
						<line number="164" hits="0" branch="true" condition-coverage="0% (0/2)" missing-branches="165,172"/>
						<line number="165" hits="0"/>
						<line number="166" hits="0"/>
						<line number="167" hits="0"/>
						<line number="168" hits="0"/>
						<line number="169" hits="0"/>
						<line number="170" hits="0"/>
						<line number="172" hits="0"/>
						<line number="173" hits="0"/>
						<line number="174" hits="0"/>
						<line number="177" hits="0"/>
						<line number="180" hits="0" branch="true" condition-coverage="0% (0/2)" missing-branches="181,188"/>
						<line number="181" hits="0"/>
						<line number="185" hits="0"/>
						<line number="188" hits="0" branch="true" condition-coverage="0% (0/2)" missing-branches="exit,189"/>
						<line number="189" hits="0"/>
						<line number="191" hits="1"/>
						<line number="192" hits="1" branch="true" condition-coverage="100% (2/2)"/>
						<line number="204" hits="0" branch="true" condition-coverage="0% (0/2)" missing-branches="205,208"/>
						<line number="205" hits="0"/>
						<line number="206" hits="0"/>
						<line number="208" hits="0"/>
						<line number="209" hits="0"/>
						<line number="211" hits="0" branch="true" condition-coverage="0% (0/2)" missing-branches="212,214"/>
						<line number="212" hits="0"/>
						<line number="214" hits="0"/>
						<line number="216" hits="1"/>
						<line number="217" hits="0"/>
					</lines>
				</class>
				<class name="dictionary.py" filename="models/dictionary.py" complexity="0" line-rate="0.5476" branch-rate="0.25">
					<methods/>
					<lines>
						<line number="1" hits="1"/>
						<line number="2" hits="1"/>
						<line number="3" hits="1"/>
						<line number="4" hits="1"/>
						<line number="5" hits="1"/>
						<line number="6" hits="1"/>
						<line number="7" hits="1"/>
						<line number="9" hits="1"/>
						<line number="10" hits="1"/>
						<line number="11" hits="1"/>
						<line number="14" hits="1"/>
						<line number="15" hits="1"/>
						<line number="16" hits="1"/>
						<line number="17" hits="1"/>
						<line number="18" hits="1"/>
						<line number="19" hits="1"/>
						<line number="20" hits="1"/>
						<line number="22" hits="1"/>
						<line number="23" hits="1"/>
						<line number="25" hits="1"/>
						<line number="33" hits="0"/>
						<line number="34" hits="0"/>
						<line number="35" hits="0"/>
						<line number="36" hits="0"/>
						<line number="37" hits="0"/>
						<line number="38" hits="0"/>
						<line number="39" hits="0"/>
						<line number="41" hits="1"/>
						<line number="42" hits="0" branch="true" condition-coverage="0% (0/2)" missing-branches="43,47"/>
						<line number="43" hits="0" branch="true" condition-coverage="0% (0/2)" missing-branches="44,46"/>
						<line number="44" hits="0"/>
						<line number="46" hits="0"/>
						<line number="47" hits="0"/>
						<line number="49" hits="1"/>
						<line number="50" hits="1" branch="true" condition-coverage="100% (2/2)"/>
						<line number="51" hits="0"/>
						<line number="52" hits="0"/>
						<line number="57" hits="0" branch="true" condition-coverage="0% (0/2)" missing-branches="58,60"/>
						<line number="58" hits="0"/>
						<line number="60" hits="0"/>
						<line number="61" hits="0"/>
						<line number="62" hits="0"/>
					</lines>
				</class>
				<class name="registry.py" filename="models/registry.py" complexity="0" line-rate="0.5556" branch-rate="0.1429">
					<methods/>
					<lines>
						<line number="1" hits="1"/>
						<line number="2" hits="1"/>
						<line number="4" hits="1"/>
						<line number="5" hits="1"/>
						<line number="6" hits="1"/>
						<line number="7" hits="1"/>
						<line number="8" hits="1"/>
						<line number="11" hits="1"/>
						<line number="12" hits="1"/>
						<line number="14" hits="1"/>
						<line number="15" hits="1"/>
						<line number="16" hits="1"/>
						<line number="18" hits="1"/>
						<line number="25" hits="1"/>
						<line number="26" hits="1"/>
						<line number="27" hits="1"/>
						<line number="28" hits="1"/>
						<line number="30" hits="1"/>
						<line number="31" hits="1" branch="true" condition-coverage="100% (2/2)"/>
						<line number="32" hits="0"/>
						<line number="35" hits="0"/>
						<line number="36" hits="0" branch="true" condition-coverage="0% (0/2)" missing-branches="37,41"/>
						<line number="37" hits="0"/>
						<line number="38" hits="0" branch="true" condition-coverage="0% (0/2)" missing-branches="39,41"/>
						<line number="39" hits="0"/>
						<line number="41" hits="0"/>
						<line number="42" hits="0"/>
						<line number="44" hits="1"/>
						<line number="45" hits="1"/>
						<line number="47" hits="1"/>
						<line number="48" hits="1"/>
						<line number="49" hits="1"/>
						<line number="57" hits="1"/>
						<line number="59" hits="1"/>
						<line number="60" hits="0" branch="true" condition-coverage="0% (0/2)" missing-branches="exit,61"/>
						<line number="61" hits="0"/>
						<line number="63" hits="1"/>
						<line number="68" hits="1"/>
						<line number="70" hits="1"/>
						<line number="76" hits="0"/>
						<line number="80" hits="0" branch="true" condition-coverage="0% (0/2)" missing-branches="81,82"/>
						<line number="81" hits="0"/>
						<line number="82" hits="0"/>
						<line number="84" hits="0"/>
						<line number="86" hits="0"/>
						<line number="87" hits="0" branch="true" condition-coverage="0% (0/2)" missing-branches="88,89"/>
						<line number="88" hits="0"/>
						<line number="89" hits="0" branch="true" condition-coverage="0% (0/2)" missing-branches="90,91"/>
						<line number="90" hits="0"/>
						<line number="91" hits="0"/>
						<line number="92" hits="0"/>
						<line number="94" hits="1"/>
						<line number="99" hits="0"/>
						<line number="100" hits="0"/>
					</lines>
				</class>
				<class name="task.py" filename="models/task.py" complexity="0" line-rate="0.2562" branch-rate="0.1579">
					<methods/>
					<lines>
						<line number="1" hits="1"/>
						<line number="2" hits="1"/>
						<line number="3" hits="1"/>
						<line number="4" hits="1"/>
						<line number="5" hits="1"/>
						<line number="6" hits="1"/>
						<line number="7" hits="1"/>
						<line number="8" hits="1"/>
						<line number="9" hits="1"/>
						<line number="11" hits="1"/>
						<line number="12" hits="1"/>
						<line number="16" hits="1"/>
						<line number="17" hits="1"/>
						<line number="18" hits="1"/>
						<line number="19" hits="1"/>
						<line number="20" hits="1"/>
						<line number="21" hits="1"/>
						<line number="23" hits="1"/>
						<line number="24" hits="1"/>
						<line number="27" hits="1"/>
						<line number="28" hits="1"/>
						<line number="29" hits="1"/>
						<line number="30" hits="1"/>
						<line number="31" hits="1"/>
						<line number="32" hits="1"/>
						<line number="33" hits="1"/>
						<line number="34" hits="1"/>
						<line number="35" hits="1"/>
						<line number="36" hits="1"/>
						<line number="37" hits="1"/>
						<line number="38" hits="1"/>
						<line number="40" hits="1"/>
						<line number="54" hits="0"/>
						<line number="55" hits="0"/>
						<line number="56" hits="0"/>
						<line number="57" hits="0"/>
						<line number="58" hits="0"/>
						<line number="59" hits="0"/>
						<line number="60" hits="0"/>
						<line number="61" hits="0"/>
						<line number="62" hits="0"/>
						<line number="63" hits="0"/>
						<line number="64" hits="0"/>
						<line number="65" hits="0"/>
						<line number="66" hits="0"/>
						<line number="68" hits="1"/>
						<line number="69" hits="1" branch="true" condition-coverage="100% (2/2)"/>
						<line number="70" hits="0"/>
						<line number="74" hits="0"/>
						<line number="75" hits="0"/>
						<line number="76" hits="0"/>
						<line number="79" hits="0"/>
						<line number="80" hits="0"/>
						<line number="81" hits="0" branch="true" condition-coverage="0% (0/2)" missing-branches="82,85"/>
						<line number="82" hits="0"/>
						<line number="85" hits="0" branch="true" condition-coverage="0% (0/2)" missing-branches="86,89"/>
						<line number="86" hits="0"/>
						<line number="89" hits="0"/>
						<line number="92" hits="0" branch="true" condition-coverage="0% (0/2)" missing-branches="93,94"/>
						<line number="93" hits="0"/>
						<line number="94" hits="0" branch="true" condition-coverage="0% (0/2)" missing-branches="95,98"/>
						<line number="95" hits="0"/>
						<line number="98" hits="0" branch="true" condition-coverage="0% (0/2)" missing-branches="99,107"/>
						<line number="99" hits="0"/>
						<line number="103" hits="0"/>
						<line number="107" hits="0"/>
						<line number="109" hits="1"/>
						<line number="110" hits="1" branch="true" condition-coverage="100% (2/2)"/>
						<line number="119" hits="0" branch="true" condition-coverage="0% (0/2)" missing-branches="120,125"/>
						<line number="120" hits="0" branch="true" condition-coverage="0% (0/2)" missing-branches="121,122"/>
						<line number="121" hits="0"/>
						<line number="122" hits="0"/>
						<line number="123" hits="0" branch="true" condition-coverage="0% (0/2)" missing-branches="119,124"/>
						<line number="124" hits="0"/>
						<line number="125" hits="0" branch="true" condition-coverage="0% (0/2)" missing-branches="exit,126"/>
						<line number="126" hits="0"/>
						<line number="128" hits="1"/>
						<line number="129" hits="1" branch="true" condition-coverage="100% (2/2)"/>
						<line number="140" hits="0" branch="true" condition-coverage="0% (0/2)" missing-branches="141,146"/>
						<line number="141" hits="0" branch="true" condition-coverage="0% (0/2)" missing-branches="142,143"/>
						<line number="142" hits="0"/>
						<line number="143" hits="0"/>
						<line number="144" hits="0" branch="true" condition-coverage="0% (0/2)" missing-branches="140,145"/>
						<line number="145" hits="0"/>
						<line number="146" hits="0" branch="true" condition-coverage="0% (0/2)" missing-branches="exit,147"/>
						<line number="147" hits="0"/>
						<line number="149" hits="1"/>
						<line number="150" hits="1" branch="true" condition-coverage="100% (2/2)"/>
						<line number="156" hits="0" branch="true" condition-coverage="0% (0/2)" missing-branches="157,158"/>
						<line number="157" hits="0"/>
						<line number="158" hits="0" branch="true" condition-coverage="0% (0/2)" missing-branches="159,160"/>
						<line number="159" hits="0"/>
						<line number="160" hits="0"/>
						<line number="162" hits="1"/>
						<line number="163" hits="1" branch="true" condition-coverage="100% (2/2)"/>
						<line number="169" hits="0" branch="true" condition-coverage="0% (0/2)" missing-branches="170,171"/>
						<line number="170" hits="0"/>
						<line number="171" hits="0" branch="true" condition-coverage="0% (0/2)" missing-branches="172,174"/>
						<line number="172" hits="0"/>
						<line number="173" hits="0"/>
						<line number="174" hits="0"/>
						<line number="175" hits="0"/>
						<line number="176" hits="0"/>
						<line number="178" hits="1"/>
						<line number="179" hits="1" branch="true" condition-coverage="100% (2/2)"/>
						<line number="184" hits="0"/>
						<line number="185" hits="0"/>
						<line number="186" hits="0"/>
						<line number="187" hits="0" branch="true" condition-coverage="0% (0/2)" missing-branches="188,189"/>
						<line number="188" hits="0"/>
						<line number="189" hits="0"/>
						<line number="190" hits="0" branch="true" condition-coverage="0% (0/2)" missing-branches="191,192"/>
						<line number="191" hits="0"/>
						<line number="192" hits="0"/>
						<line number="194" hits="1"/>
						<line number="195" hits="0"/>
						<line number="197" hits="1"/>
						<line number="209" hits="0"/>
						<line number="211" hits="1"/>
						<line number="217" hits="0"/>
						<line number="218" hits="0"/>
						<line number="219" hits="0"/>
						<line number="220" hits="0"/>
						<line number="222" hits="0"/>
						<line number="223" hits="0" branch="true" condition-coverage="0% (0/2)" missing-branches="224,226"/>
						<line number="224" hits="0"/>
						<line number="226" hits="0"/>
						<line number="242" hits="0"/>
						<line number="243" hits="0"/>
						<line number="244" hits="0" branch="true" condition-coverage="0% (0/2)" missing-branches="245,247"/>
						<line number="245" hits="0"/>
						<line number="247" hits="0"/>
						<line number="252" hits="0"/>
						<line number="253" hits="0"/>
						<line number="254" hits="0"/>
						<line number="256" hits="1"/>
						<line number="260" hits="0"/>
						<line number="270" hits="1"/>
						<line number="271" hits="0"/>
						<line number="272" hits="0"/>
						<line number="276" hits="0"/>
						<line number="277" hits="0" branch="true" condition-coverage="0% (0/2)" missing-branches="exit,278"/>
						<line number="278" hits="0" branch="true" condition-coverage="0% (0/2)" missing-branches="exit,279"/>
						<line number="279" hits="0"/>
						<line number="280" hits="0"/>
						<line number="281" hits="0" branch="true" condition-coverage="0% (0/2)" missing-branches="282,283"/>
						<line number="282" hits="0"/>
						<line number="283" hits="0" branch="true" condition-coverage="0% (0/2)" missing-branches="278,284"/>
						<line number="284" hits="0"/>
						<line number="285" hits="0"/>
						<line number="286" hits="0"/>
						<line number="288" hits="1"/>
						<line number="297" hits="0"/>
						<line number="298" hits="0"/>
						<line number="299" hits="0" branch="true" condition-coverage="0% (0/2)" missing-branches="300,302"/>
						<line number="300" hits="0"/>
						<line number="302" hits="0"/>
						<line number="304" hits="0" branch="true" condition-coverage="0% (0/2)" missing-branches="305,309"/>
						<line number="305" hits="0"/>
						<line number="306" hits="0" branch="true" condition-coverage="0% (0/2)" missing-branches="304,307"/>
						<line number="307" hits="0"/>
						<line number="309" hits="0"/>
						<line number="310" hits="0"/>
						<line number="313" hits="0" branch="true" condition-coverage="0% (0/2)" missing-branches="314,319"/>
						<line number="314" hits="0"/>
						<line number="319" hits="0"/>
						<line number="322" hits="0"/>
						<line number="323" hits="0"/>
						<line number="325" hits="1"/>
						<line number="326" hits="0"/>
						<line number="327" hits="0"/>
						<line number="328" hits="0"/>
						<line number="329" hits="0"/>
						<line number="330" hits="0"/>
						<line number="331" hits="0"/>
						<line number="332" hits="0"/>
						<line number="334" hits="0"/>
						<line number="335" hits="0"/>
						<line number="336" hits="0"/>
						<line number="337" hits="0"/>
						<line number="339" hits="0" branch="true" condition-coverage="0% (0/2)" missing-branches="340,341"/>
						<line number="340" hits="0"/>
						<line number="341" hits="0"/>
						<line number="343" hits="1"/>
						<line number="348" hits="0"/>
						<line number="349" hits="0"/>
						<line number="350" hits="0"/>
						<line number="364" hits="0"/>
						<line number="365" hits="0"/>
						<line number="371" hits="0"/>
						<line number="372" hits="0"/>
						<line number="374" hits="0"/>
						<line number="376" hits="0"/>
						<line number="377" hits="0"/>
						<line number="378" hits="0"/>
						<line number="379" hits="0" branch="true" condition-coverage="0% (0/2)" missing-branches="380,384"/>
						<line number="380" hits="0" branch="true" condition-coverage="0% (0/2)" missing-branches="381,382"/>
						<line number="381" hits="0"/>
						<line number="382" hits="0"/>
						<line number="383" hits="0"/>
						<line number="384" hits="0"/>
						<line number="385" hits="0"/>
						<line number="386" hits="0"/>
					</lines>
				</class>
			</classes>
		</package>
	</packages>
</coverage>
